{
  "RSpec": {
    "coverage": {
      "/Users/heidi/Development/code/Mod0/tic-tac-toe-rb/lib/tic_tac_toe.rb": [
        1,
        null,
        null,
        1,
        null,
        null,
        null,
        null,
        null,
        null,
        null,
        null,
        null,
        1,
        25,
        25,
        25,
        25,
        25,
        null,
        null,
        1,
        24,
        null,
        null,
        1,
        23,
        null,
        null,
        1,
        241,
        null,
        null,
        1,
        24,
        null,
        null,
        1,
        23,
        23,
        207,
        32,
        null,
        null,
        null,
        23,
        null,
        null,
        1,
        22,
        15,
        null,
        7,
        null,
        null,
        null,
        1,
        21,
        21,
        21,
        21,
        21,
        20,
        20,
        null,
        1,
        null,
        null,
        null,
        1,
        43,
        277,
        null,
        null,
        null,
        null,
        null,
        1,
        38,
        131,
        131,
        null,
        null,
        null,
        1,
        21,
        null,
        null,
        1,
        22,
        null,
        null,
        null,
        1,
        7,
        6,
        null,
        null,
        null,
        1,
        12,
        18,
        null,
        12,
        5,
        7,
        3,
        null,
        null
      ]
    },
    "timestamp": 1634421607
  }
}
