{
  "RSpec": {
    "coverage": {
      "/Users/heidi/Development/code/Mod0/tic-tac-toe-rb/lib/tic_tac_toe.rb": [
        null,
        1,
        null,
        null,
        null,
        null,
        null,
        null,
        null,
        null,
        null,
        1,
        12,
        12,
        12,
        12,
        12,
        null,
        null,
        1,
        13,
        null,
        null,
        1,
        12,
        null,
        null,
        1,
        52,
        null,
        null,
        1,
        13,
        null,
        null,
        1,
        2,
        2,
        18,
        5,
        null,
        null,
        null,
        2,
        null,
        null,
        1,
        1,
        1,
        null,
        0,
        null,
        null,
        null,
        1,
        10,
        10,
        10,
        10,
        9,
        null,
        1,
        null,
        10,
        null,
        null,
        1,
        18,
        125,
        null,
        null,
        null,
        null,
        null,
        1,
        15,
        74,
        null,
        null,
        null,
        1,
        14,
        null,
        null,
        1,
        3,
        null,
        null,
        1,
        3,
        2,
        null,
        null,
        null,
        1,
        4,
        7,
        7,
        1,
        6,
        6,
        null,
        null,
        null,
        null,
        null,
        null
      ]
    },
    "timestamp": 1633481702
  }
}
